<?xml version="1.0" encoding="UTF-8"?>
<!-- Generated by org.testng.reporters.JUnitXMLReporter -->
<testsuite ignored="37" hostname="Yaminis-MacBook-Air.local" failures="0" tests="1" name="Default test" time="14.333" errors="0" timestamp="2022-05-25T12:23:27 PDT">
  <testcase classname="com.tekarch.tests.AutomationScripts" name="testCase1" time="3.97"/>
  <testcase classname="com.tekarch.tests.AutomationScripts" name="testCase12" time="0.0">
    <ignored/>
  </testcase> <!-- testCase12 -->
  <testcase classname="com.tekarch.tests.AutomationScripts" name="testCase34" time="0.0">
    <ignored/>
  </testcase> <!-- testCase34 -->
  <testcase classname="com.tekarch.tests.AutomationScripts" name="testCase31" time="0.0">
    <ignored/>
  </testcase> <!-- testCase31 -->
  <testcase classname="com.tekarch.tests.AutomationScripts" name="testCase14" time="0.0">
    <ignored/>
  </testcase> <!-- testCase14 -->
  <testcase classname="com.tekarch.tests.AutomationScripts" name="testCase36" time="0.0">
    <ignored/>
  </testcase> <!-- testCase36 -->
  <testcase classname="com.tekarch.tests.AutomationScripts" name="testCase11" time="0.0">
    <ignored/>
  </testcase> <!-- testCase11 -->
  <testcase classname="com.tekarch.tests.AutomationScripts" name="testCase33" time="0.0">
    <ignored/>
  </testcase> <!-- testCase33 -->
  <testcase classname="com.tekarch.tests.AutomationScripts" name="testCase16" time="0.0">
    <ignored/>
  </testcase> <!-- testCase16 -->
  <testcase classname="com.tekarch.tests.AutomationScripts" name="testCase13" time="0.0">
    <ignored/>
  </testcase> <!-- testCase13 -->
  <testcase classname="com.tekarch.tests.AutomationScripts" name="testCase35" time="0.0">
    <ignored/>
  </testcase> <!-- testCase35 -->
  <testcase classname="com.tekarch.tests.AutomationScripts" name="testCase15" time="0.0">
    <ignored/>
  </testcase> <!-- testCase15 -->
  <testcase classname="com.tekarch.tests.AutomationScripts" name="testCase37" time="0.0">
    <ignored/>
  </testcase> <!-- testCase37 -->
  <testcase classname="com.tekarch.tests.AutomationScripts" name="testCase17" time="0.0">
    <ignored/>
  </testcase> <!-- testCase17 -->
  <testcase classname="com.tekarch.tests.AutomationScripts" name="testCase19" time="0.0">
    <ignored/>
  </testcase> <!-- testCase19 -->
  <testcase classname="com.tekarch.tests.AutomationScripts" name="testCase4a" time="0.0">
    <ignored/>
  </testcase> <!-- testCase4a -->
  <testcase classname="com.tekarch.tests.AutomationScripts" name="testCase10" time="0.0">
    <ignored/>
  </testcase> <!-- testCase10 -->
  <testcase classname="com.tekarch.tests.AutomationScripts" name="testCase32" time="0.0">
    <ignored/>
  </testcase> <!-- testCase32 -->
  <testcase classname="com.tekarch.tests.AutomationScripts" name="testCase4b" time="0.0">
    <ignored/>
  </testcase> <!-- testCase4b -->
  <testcase classname="com.tekarch.tests.AutomationScripts" name="testCase18" time="0.0">
    <ignored/>
  </testcase> <!-- testCase18 -->
  <testcase classname="com.tekarch.tests.AutomationScripts" name="testCase23" time="0.0">
    <ignored/>
  </testcase> <!-- testCase23 -->
  <testcase classname="com.tekarch.tests.AutomationScripts" name="testCase8" time="0.0">
    <ignored/>
  </testcase> <!-- testCase8 -->
  <testcase classname="com.tekarch.tests.AutomationScripts" name="testCase20" time="0.0">
    <ignored/>
  </testcase> <!-- testCase20 -->
  <testcase classname="com.tekarch.tests.AutomationScripts" name="testCase6" time="0.0">
    <ignored/>
  </testcase> <!-- testCase6 -->
  <testcase classname="com.tekarch.tests.AutomationScripts" name="testCase25" time="0.0">
    <ignored/>
  </testcase> <!-- testCase25 -->
  <testcase classname="com.tekarch.tests.AutomationScripts" name="testCase22" time="0.0">
    <ignored/>
  </testcase> <!-- testCase22 -->
  <testcase classname="com.tekarch.tests.AutomationScripts" name="testCase9" time="0.0">
    <ignored/>
  </testcase> <!-- testCase9 -->
  <testcase classname="com.tekarch.tests.AutomationScripts" name="testCase27" time="0.0">
    <ignored/>
  </testcase> <!-- testCase27 -->
  <testcase classname="com.tekarch.tests.AutomationScripts" name="testCase7" time="0.0">
    <ignored/>
  </testcase> <!-- testCase7 -->
  <testcase classname="com.tekarch.tests.AutomationScripts" name="testCase24" time="0.0">
    <ignored/>
  </testcase> <!-- testCase24 -->
  <testcase classname="com.tekarch.tests.AutomationScripts" name="testCase2" time="0.0">
    <ignored/>
  </testcase> <!-- testCase2 -->
  <testcase classname="com.tekarch.tests.AutomationScripts" name="testCase26" time="0.0">
    <ignored/>
  </testcase> <!-- testCase26 -->
  <testcase classname="com.tekarch.tests.AutomationScripts" name="testCase5" time="0.0">
    <ignored/>
  </testcase> <!-- testCase5 -->
  <testcase classname="com.tekarch.tests.AutomationScripts" name="testCase3" time="0.0">
    <ignored/>
  </testcase> <!-- testCase3 -->
  <testcase classname="com.tekarch.tests.AutomationScripts" name="testCase28" time="0.0">
    <ignored/>
  </testcase> <!-- testCase28 -->
  <testcase classname="com.tekarch.tests.AutomationScripts" name="testCase21" time="0.0">
    <ignored/>
  </testcase> <!-- testCase21 -->
  <testcase classname="com.tekarch.tests.AutomationScripts" name="testCase29" time="0.0">
    <ignored/>
  </testcase> <!-- testCase29 -->
  <testcase classname="com.tekarch.tests.AutomationScripts" name="testCase30" time="0.0">
    <ignored/>
  </testcase> <!-- testCase30 -->
</testsuite> <!-- Default test -->
